%このファイルは日本語文字を含みます.
\BOOKMARK [0][-]{chapter.1}{圏という言語}{}% 1
\BOOKMARK [1][-]{section.1.1}{前置き: 集合と宇宙}{chapter.1}% 2
\BOOKMARK [1][-]{section.1.2}{圏と関手}{chapter.1}% 3
\BOOKMARK [1][-]{section.1.3}{関手の射}{chapter.1}% 4
\BOOKMARK [1][-]{section.1.4}{米田の補題}{chapter.1}% 5
\BOOKMARK [1][-]{section.1.5}{随伴関手}{chapter.1}% 6
\BOOKMARK [0][-]{chapter.2}{極限}{}% 7
\BOOKMARK [1][-]{section.2.1}{極限}{chapter.2}% 8
\BOOKMARK [1][-]{section.2.2}{諸例}{chapter.2}% 9
\BOOKMARK [1][-]{section.2.3}{関手の Kan 拡張}{chapter.2}% 10
\BOOKMARK [1][-]{section.2.4}{圏Setの帰納極限}{chapter.2}% 11
\BOOKMARK [1][-]{section.2.5}{共終関手}{chapter.2}% 12
\BOOKMARK [1][-]{section.2.6}{帰納極限と射影極限}{chapter.2}% 13
\BOOKMARK [1][-]{section.2.7}{関手の米田拡張}{chapter.2}% 14
\BOOKMARK [0][-]{chapter.3}{フィルター極限}{}% 15
\BOOKMARK [1][-]{section.3.1}{圏Setのフィルター帰納極限}{chapter.3}% 16
\BOOKMARK [1][-]{section.3.2}{フィルター圏}{chapter.3}% 17
\BOOKMARK [1][-]{section.3.3}{完全関手}{chapter.3}% 18
\BOOKMARK [1][-]{section.3.4}{２つの関手の圏}{chapter.3}% 19
\BOOKMARK [0][-]{chapter*.7}{参考文献}{}% 20
